{"uuid":"16202dbe-93df-4b08-95e3-751756f4167c","historyId":"94ae6f15169f7d7df8acd00ee5a94096","fullName":"Registration: User completes registration successfully","labels":[{"name":"tag","value":"registration"},{"name":"tag","value":"happy_path"},{"name":"tag","value":"regression"},{"name":"host","value":"DESKTOP-ENVP6HG"},{"name":"thread","value":"24652@DESKTOP-ENVP6HG.main(3)"},{"name":"feature","value":"Registration"},{"name":"story","value":"User completes registration successfully"},{"name":"suite","value":"Registration"},{"name":"testClass","value":"User completes registration successfully"},{"name":"framework","value":"cucumber5jvm"},{"name":"language","value":"java"},{"name":"gherkin_uri","value":"file:///C:/Users/bungh/IdeaProjects/bet99-signup/src/test/kotlin/features/registration.feature"},{"name":"package","value":"src.test.kotlin.features.registration_feature.Registration"}],"links":[],"name":"User completes registration successfully","status":"broken","statusDetails":{"known":false,"muted":false,"flaky":false,"message":"Expected condition failed: waiting for visibility of element located by By.cssSelector: div[data-cy^='autocompleteaddress-'] ul[data-cy^='autocompleteaddress-'] (tried for 8 second(s) with 500 milliseconds interval)\nBuild info: version: '4.21.0', revision: '79ed462ef4'\nSystem info: os.name: 'Windows 11', os.arch: 'amd64', os.version: '10.0', java.version: '24.0.1'\nDriver info: org.openqa.selenium.chrome.ChromeDriver\nCapabilities {acceptInsecureCerts: false, browserName: chrome, browserVersion: 142.0.7444.59, chrome: {chromedriverVersion: 142.0.7444.59 (4b8153ab58d3..., userDataDir: C:\\Users\\bungh\\AppData\\Loca...}, fedcm:accounts: true, goog:chromeOptions: {debuggerAddress: localhost:49154}, goog:processID: 6172, networkConnectionEnabled: false, pageLoadStrategy: normal, platformName: windows, proxy: Proxy(), se:cdp: ws://localhost:49154/devtoo..., se:cdpVersion: 142.0.7444.59, setWindowRect: true, strictFileInteractability: false, timeouts: {implicit: 0, pageLoad: 300000, script: 30000}, unhandledPromptBehavior: dismiss and notify, webauthn:extension:credBlob: true, webauthn:extension:largeBlob: true, webauthn:extension:minPinLength: true, webauthn:extension:prf: true, webauthn:virtualAuthenticators: true}\nSession ID: 519b6c1479ea308500da31a321897098","trace":"org.openqa.selenium.TimeoutException: Expected condition failed: waiting for visibility of element located by By.cssSelector: div[data-cy^='autocompleteaddress-'] ul[data-cy^='autocompleteaddress-'] (tried for 8 second(s) with 500 milliseconds interval)\nBuild info: version: '4.21.0', revision: '79ed462ef4'\nSystem info: os.name: 'Windows 11', os.arch: 'amd64', os.version: '10.0', java.version: '24.0.1'\nDriver info: org.openqa.selenium.chrome.ChromeDriver\nCapabilities {acceptInsecureCerts: false, browserName: chrome, browserVersion: 142.0.7444.59, chrome: {chromedriverVersion: 142.0.7444.59 (4b8153ab58d3..., userDataDir: C:\\Users\\bungh\\AppData\\Loca...}, fedcm:accounts: true, goog:chromeOptions: {debuggerAddress: localhost:49154}, goog:processID: 6172, networkConnectionEnabled: false, pageLoadStrategy: normal, platformName: windows, proxy: Proxy(), se:cdp: ws://localhost:49154/devtoo..., se:cdpVersion: 142.0.7444.59, setWindowRect: true, strictFileInteractability: false, timeouts: {implicit: 0, pageLoad: 300000, script: 30000}, unhandledPromptBehavior: dismiss and notify, webauthn:extension:credBlob: true, webauthn:extension:largeBlob: true, webauthn:extension:minPinLength: true, webauthn:extension:prf: true, webauthn:virtualAuthenticators: true}\nSession ID: 519b6c1479ea308500da31a321897098\r\n\tat org.openqa.selenium.support.ui.WebDriverWait.timeoutException(WebDriverWait.java:84)\r\n\tat org.openqa.selenium.support.ui.FluentWait.until(FluentWait.java:228)\r\n\tat support.Waits.visible(Waits.kt:20)\r\n\tat pages.JoinStep2Page.searchAndPickAddress(JoinStep2Page.kt:58)\r\n\tat pages.JoinStep2Page.searchAndPickAddress$default(JoinStep2Page.kt:54)\r\n\tat steps.JoinSteps.complete_step2_with_valid_address(JoinSteps.kt:62)\r\n\tat ✽.they complete Step 2 with a valid address(file:///C:/Users/bungh/IdeaProjects/bet99-signup/src/test/kotlin/features/registration.feature:13)\r\n"},"stage":"finished","steps":[{"name":"Given  the user is on the home page","status":"passed","statusDetails":{"known":false,"muted":false,"flaky":false},"stage":"finished","steps":[],"attachments":[],"parameters":[],"start":1762105139556,"stop":1762105145710},{"name":"And  they dismiss any jurisdiction or cookie popups","status":"passed","statusDetails":{"known":false,"muted":false,"flaky":false},"stage":"finished","steps":[],"attachments":[],"parameters":[],"start":1762105145713,"stop":1762105146362},{"name":"And  they tap the Join button","status":"passed","statusDetails":{"known":false,"muted":false,"flaky":false},"stage":"finished","steps":[],"attachments":[],"parameters":[],"start":1762105146363,"stop":1762105146564},{"name":"Given  the user is on Join Step 1","status":"passed","statusDetails":{"known":false,"muted":false,"flaky":false},"stage":"finished","steps":[],"attachments":[],"parameters":[],"start":1762105146565,"stop":1762105146780},{"name":"When  they complete Step 1 with valid details","status":"passed","statusDetails":{"known":false,"muted":false,"flaky":false},"stage":"finished","steps":[],"attachments":[],"parameters":[],"start":1762105146780,"stop":1762105148166},{"name":"And  they complete Step 2 with a valid address","status":"broken","statusDetails":{"known":false,"muted":false,"flaky":false,"message":"Expected condition failed: waiting for visibility of element located by By.cssSelector: div[data-cy^='autocompleteaddress-'] ul[data-cy^='autocompleteaddress-'] (tried for 8 second(s) with 500 milliseconds interval)\nBuild info: version: '4.21.0', revision: '79ed462ef4'\nSystem info: os.name: 'Windows 11', os.arch: 'amd64', os.version: '10.0', java.version: '24.0.1'\nDriver info: org.openqa.selenium.chrome.ChromeDriver\nCapabilities {acceptInsecureCerts: false, browserName: chrome, browserVersion: 142.0.7444.59, chrome: {chromedriverVersion: 142.0.7444.59 (4b8153ab58d3..., userDataDir: C:\\Users\\bungh\\AppData\\Loca...}, fedcm:accounts: true, goog:chromeOptions: {debuggerAddress: localhost:49154}, goog:processID: 6172, networkConnectionEnabled: false, pageLoadStrategy: normal, platformName: windows, proxy: Proxy(), se:cdp: ws://localhost:49154/devtoo..., se:cdpVersion: 142.0.7444.59, setWindowRect: true, strictFileInteractability: false, timeouts: {implicit: 0, pageLoad: 300000, script: 30000}, unhandledPromptBehavior: dismiss and notify, webauthn:extension:credBlob: true, webauthn:extension:largeBlob: true, webauthn:extension:minPinLength: true, webauthn:extension:prf: true, webauthn:virtualAuthenticators: true}\nSession ID: 519b6c1479ea308500da31a321897098","trace":"org.openqa.selenium.TimeoutException: Expected condition failed: waiting for visibility of element located by By.cssSelector: div[data-cy^='autocompleteaddress-'] ul[data-cy^='autocompleteaddress-'] (tried for 8 second(s) with 500 milliseconds interval)\nBuild info: version: '4.21.0', revision: '79ed462ef4'\nSystem info: os.name: 'Windows 11', os.arch: 'amd64', os.version: '10.0', java.version: '24.0.1'\nDriver info: org.openqa.selenium.chrome.ChromeDriver\nCapabilities {acceptInsecureCerts: false, browserName: chrome, browserVersion: 142.0.7444.59, chrome: {chromedriverVersion: 142.0.7444.59 (4b8153ab58d3..., userDataDir: C:\\Users\\bungh\\AppData\\Loca...}, fedcm:accounts: true, goog:chromeOptions: {debuggerAddress: localhost:49154}, goog:processID: 6172, networkConnectionEnabled: false, pageLoadStrategy: normal, platformName: windows, proxy: Proxy(), se:cdp: ws://localhost:49154/devtoo..., se:cdpVersion: 142.0.7444.59, setWindowRect: true, strictFileInteractability: false, timeouts: {implicit: 0, pageLoad: 300000, script: 30000}, unhandledPromptBehavior: dismiss and notify, webauthn:extension:credBlob: true, webauthn:extension:largeBlob: true, webauthn:extension:minPinLength: true, webauthn:extension:prf: true, webauthn:virtualAuthenticators: true}\nSession ID: 519b6c1479ea308500da31a321897098\r\n\tat org.openqa.selenium.support.ui.WebDriverWait.timeoutException(WebDriverWait.java:84)\r\n\tat org.openqa.selenium.support.ui.FluentWait.until(FluentWait.java:228)\r\n\tat support.Waits.visible(Waits.kt:20)\r\n\tat pages.JoinStep2Page.searchAndPickAddress(JoinStep2Page.kt:58)\r\n\tat pages.JoinStep2Page.searchAndPickAddress$default(JoinStep2Page.kt:54)\r\n\tat steps.JoinSteps.complete_step2_with_valid_address(JoinSteps.kt:62)\r\n\tat ✽.they complete Step 2 with a valid address(file:///C:/Users/bungh/IdeaProjects/bet99-signup/src/test/kotlin/features/registration.feature:13)\r\n"},"stage":"finished","steps":[],"attachments":[],"parameters":[],"start":1762105148166,"stop":1762105156963},{"name":"And  they submit the registration","status":"skipped","statusDetails":{"known":false,"muted":false,"flaky":false},"stage":"finished","steps":[],"attachments":[],"parameters":[],"start":1762105157314,"stop":1762105157316},{"name":"Then  the account is created successfully","status":"skipped","statusDetails":{"known":false,"muted":false,"flaky":false},"stage":"finished","steps":[],"attachments":[],"parameters":[],"start":1762105157317,"stop":1762105157318}],"attachments":[],"parameters":[],"start":1762105138019,"stop":1762105158489}