{"uuid":"483a9a08-b887-4cd2-b351-f12758596675","historyId":"94ae6f15169f7d7df8acd00ee5a94096","fullName":"Registration: User completes registration successfully","labels":[{"name":"tag","value":"registration"},{"name":"tag","value":"happy_path"},{"name":"tag","value":"regression"},{"name":"host","value":"DESKTOP-ENVP6HG"},{"name":"thread","value":"2880@DESKTOP-ENVP6HG.main(3)"},{"name":"feature","value":"Registration"},{"name":"story","value":"User completes registration successfully"},{"name":"suite","value":"Registration"},{"name":"testClass","value":"User completes registration successfully"},{"name":"framework","value":"cucumber5jvm"},{"name":"language","value":"java"},{"name":"gherkin_uri","value":"file:///C:/Users/bungh/IdeaProjects/bet99-signup/src/test/kotlin/features/registration.feature"},{"name":"package","value":"src.test.kotlin.features.registration_feature.Registration"}],"links":[],"name":"User completes registration successfully","status":"broken","statusDetails":{"known":false,"muted":false,"flaky":false,"message":"Expected condition failed: waiting for visibility of element located by By.cssSelector: div[data-cy^='autocompleteaddress-'] ul[data-cy^='autocompleteaddress-'] (tried for 8 second(s) with 500 milliseconds interval)\nBuild info: version: '4.21.0', revision: '79ed462ef4'\nSystem info: os.name: 'Windows 11', os.arch: 'amd64', os.version: '10.0', java.version: '24.0.1'\nDriver info: org.openqa.selenium.chrome.ChromeDriver\nCapabilities {acceptInsecureCerts: false, browserName: chrome, browserVersion: 142.0.7444.59, chrome: {chromedriverVersion: 142.0.7444.59 (4b8153ab58d3..., userDataDir: C:\\Users\\bungh\\AppData\\Loca...}, fedcm:accounts: true, goog:chromeOptions: {debuggerAddress: localhost:52783}, goog:processID: 24964, networkConnectionEnabled: false, pageLoadStrategy: normal, platformName: windows, proxy: Proxy(), se:cdp: ws://localhost:52783/devtoo..., se:cdpVersion: 142.0.7444.59, setWindowRect: true, strictFileInteractability: false, timeouts: {implicit: 0, pageLoad: 300000, script: 30000}, unhandledPromptBehavior: dismiss and notify, webauthn:extension:credBlob: true, webauthn:extension:largeBlob: true, webauthn:extension:minPinLength: true, webauthn:extension:prf: true, webauthn:virtualAuthenticators: true}\nSession ID: fec720f06a5ba19d05ded13d9063a41e","trace":"org.openqa.selenium.TimeoutException: Expected condition failed: waiting for visibility of element located by By.cssSelector: div[data-cy^='autocompleteaddress-'] ul[data-cy^='autocompleteaddress-'] (tried for 8 second(s) with 500 milliseconds interval)\nBuild info: version: '4.21.0', revision: '79ed462ef4'\nSystem info: os.name: 'Windows 11', os.arch: 'amd64', os.version: '10.0', java.version: '24.0.1'\nDriver info: org.openqa.selenium.chrome.ChromeDriver\nCapabilities {acceptInsecureCerts: false, browserName: chrome, browserVersion: 142.0.7444.59, chrome: {chromedriverVersion: 142.0.7444.59 (4b8153ab58d3..., userDataDir: C:\\Users\\bungh\\AppData\\Loca...}, fedcm:accounts: true, goog:chromeOptions: {debuggerAddress: localhost:52783}, goog:processID: 24964, networkConnectionEnabled: false, pageLoadStrategy: normal, platformName: windows, proxy: Proxy(), se:cdp: ws://localhost:52783/devtoo..., se:cdpVersion: 142.0.7444.59, setWindowRect: true, strictFileInteractability: false, timeouts: {implicit: 0, pageLoad: 300000, script: 30000}, unhandledPromptBehavior: dismiss and notify, webauthn:extension:credBlob: true, webauthn:extension:largeBlob: true, webauthn:extension:minPinLength: true, webauthn:extension:prf: true, webauthn:virtualAuthenticators: true}\nSession ID: fec720f06a5ba19d05ded13d9063a41e\r\n\tat org.openqa.selenium.support.ui.WebDriverWait.timeoutException(WebDriverWait.java:84)\r\n\tat org.openqa.selenium.support.ui.FluentWait.until(FluentWait.java:228)\r\n\tat support.Waits.visible(Waits.kt:20)\r\n\tat pages.JoinStep2Page.searchAndPickAddress(JoinStep2Page.kt:58)\r\n\tat pages.JoinStep2Page.searchAndPickAddress$default(JoinStep2Page.kt:54)\r\n\tat steps.JoinSteps.complete_step2_with_valid_address(JoinSteps.kt:62)\r\n\tat ✽.they complete Step 2 with a valid address(file:///C:/Users/bungh/IdeaProjects/bet99-signup/src/test/kotlin/features/registration.feature:13)\r\n"},"stage":"finished","steps":[{"name":"Given  the user is on the home page","status":"passed","statusDetails":{"known":false,"muted":false,"flaky":false},"stage":"finished","steps":[],"attachments":[],"parameters":[],"start":1762105282872,"stop":1762105287653},{"name":"And  they dismiss any jurisdiction or cookie popups","status":"passed","statusDetails":{"known":false,"muted":false,"flaky":false},"stage":"finished","steps":[],"attachments":[],"parameters":[],"start":1762105287657,"stop":1762105288829},{"name":"And  they tap the Join button","status":"passed","statusDetails":{"known":false,"muted":false,"flaky":false},"stage":"finished","steps":[],"attachments":[],"parameters":[],"start":1762105288829,"stop":1762105288946},{"name":"Given  the user is on Join Step 1","status":"passed","statusDetails":{"known":false,"muted":false,"flaky":false},"stage":"finished","steps":[],"attachments":[],"parameters":[],"start":1762105288947,"stop":1762105289515},{"name":"When  they complete Step 1 with valid details","status":"passed","statusDetails":{"known":false,"muted":false,"flaky":false},"stage":"finished","steps":[],"attachments":[],"parameters":[],"start":1762105289516,"stop":1762105290847},{"name":"And  they complete Step 2 with a valid address","status":"broken","statusDetails":{"known":false,"muted":false,"flaky":false,"message":"Expected condition failed: waiting for visibility of element located by By.cssSelector: div[data-cy^='autocompleteaddress-'] ul[data-cy^='autocompleteaddress-'] (tried for 8 second(s) with 500 milliseconds interval)\nBuild info: version: '4.21.0', revision: '79ed462ef4'\nSystem info: os.name: 'Windows 11', os.arch: 'amd64', os.version: '10.0', java.version: '24.0.1'\nDriver info: org.openqa.selenium.chrome.ChromeDriver\nCapabilities {acceptInsecureCerts: false, browserName: chrome, browserVersion: 142.0.7444.59, chrome: {chromedriverVersion: 142.0.7444.59 (4b8153ab58d3..., userDataDir: C:\\Users\\bungh\\AppData\\Loca...}, fedcm:accounts: true, goog:chromeOptions: {debuggerAddress: localhost:52783}, goog:processID: 24964, networkConnectionEnabled: false, pageLoadStrategy: normal, platformName: windows, proxy: Proxy(), se:cdp: ws://localhost:52783/devtoo..., se:cdpVersion: 142.0.7444.59, setWindowRect: true, strictFileInteractability: false, timeouts: {implicit: 0, pageLoad: 300000, script: 30000}, unhandledPromptBehavior: dismiss and notify, webauthn:extension:credBlob: true, webauthn:extension:largeBlob: true, webauthn:extension:minPinLength: true, webauthn:extension:prf: true, webauthn:virtualAuthenticators: true}\nSession ID: fec720f06a5ba19d05ded13d9063a41e","trace":"org.openqa.selenium.TimeoutException: Expected condition failed: waiting for visibility of element located by By.cssSelector: div[data-cy^='autocompleteaddress-'] ul[data-cy^='autocompleteaddress-'] (tried for 8 second(s) with 500 milliseconds interval)\nBuild info: version: '4.21.0', revision: '79ed462ef4'\nSystem info: os.name: 'Windows 11', os.arch: 'amd64', os.version: '10.0', java.version: '24.0.1'\nDriver info: org.openqa.selenium.chrome.ChromeDriver\nCapabilities {acceptInsecureCerts: false, browserName: chrome, browserVersion: 142.0.7444.59, chrome: {chromedriverVersion: 142.0.7444.59 (4b8153ab58d3..., userDataDir: C:\\Users\\bungh\\AppData\\Loca...}, fedcm:accounts: true, goog:chromeOptions: {debuggerAddress: localhost:52783}, goog:processID: 24964, networkConnectionEnabled: false, pageLoadStrategy: normal, platformName: windows, proxy: Proxy(), se:cdp: ws://localhost:52783/devtoo..., se:cdpVersion: 142.0.7444.59, setWindowRect: true, strictFileInteractability: false, timeouts: {implicit: 0, pageLoad: 300000, script: 30000}, unhandledPromptBehavior: dismiss and notify, webauthn:extension:credBlob: true, webauthn:extension:largeBlob: true, webauthn:extension:minPinLength: true, webauthn:extension:prf: true, webauthn:virtualAuthenticators: true}\nSession ID: fec720f06a5ba19d05ded13d9063a41e\r\n\tat org.openqa.selenium.support.ui.WebDriverWait.timeoutException(WebDriverWait.java:84)\r\n\tat org.openqa.selenium.support.ui.FluentWait.until(FluentWait.java:228)\r\n\tat support.Waits.visible(Waits.kt:20)\r\n\tat pages.JoinStep2Page.searchAndPickAddress(JoinStep2Page.kt:58)\r\n\tat pages.JoinStep2Page.searchAndPickAddress$default(JoinStep2Page.kt:54)\r\n\tat steps.JoinSteps.complete_step2_with_valid_address(JoinSteps.kt:62)\r\n\tat ✽.they complete Step 2 with a valid address(file:///C:/Users/bungh/IdeaProjects/bet99-signup/src/test/kotlin/features/registration.feature:13)\r\n"},"stage":"finished","steps":[],"attachments":[],"parameters":[],"start":1762105290847,"stop":1762105299594},{"name":"And  they submit the registration","status":"skipped","statusDetails":{"known":false,"muted":false,"flaky":false},"stage":"finished","steps":[],"attachments":[],"parameters":[],"start":1762105299990,"stop":1762105299992},{"name":"Then  the account is created successfully","status":"skipped","statusDetails":{"known":false,"muted":false,"flaky":false},"stage":"finished","steps":[],"attachments":[],"parameters":[],"start":1762105299992,"stop":1762105299992}],"attachments":[],"parameters":[],"start":1762105281220,"stop":1762105300424}