{"uuid":"6694b82a-f75e-4564-897c-1879f4f0d2d9","historyId":"5b2bed4be3c6e01149b257eb9bfc65e1","fullName":"Sanity open join modal: Open home and launch Join modal","labels":[{"name":"host","value":"DESKTOP-ENVP6HG"},{"name":"thread","value":"22124@DESKTOP-ENVP6HG.main(3)"},{"name":"feature","value":"Sanity open join modal"},{"name":"story","value":"Open home and launch Join modal"},{"name":"suite","value":"Sanity open join modal"},{"name":"testClass","value":"Open home and launch Join modal"},{"name":"framework","value":"cucumber5jvm"},{"name":"language","value":"java"},{"name":"gherkin_uri","value":"file:///C:/Users/bungh/IdeaProjects/bet99-signup/src/test/kotlin/features/sanity.feature"},{"name":"package","value":"src.test.kotlin.features.sanity_feature.Sanity open join modal"}],"links":[],"name":"Open home and launch Join modal","status":"broken","statusDetails":{"known":false,"muted":false,"flaky":false,"message":"Expected condition failed: waiting for element to be clickable: By.xpath: (//a[normalize-space()='Join'] | //button[normalize-space()='Join'] | //*[@role='button' and contains(normalize-space(.),'Join')] | //*[@aria-label='Join' or @title='Join'])[1] (tried for 10 second(s) with 500 milliseconds interval)\nBuild info: version: '4.21.0', revision: '79ed462ef4'\nSystem info: os.name: 'Windows 11', os.arch: 'amd64', os.version: '10.0', java.version: '24.0.1'\nDriver info: org.openqa.selenium.chrome.ChromeDriver\nCapabilities {acceptInsecureCerts: false, browserName: chrome, browserVersion: 142.0.7444.59, chrome: {chromedriverVersion: 142.0.7444.59 (4b8153ab58d3..., userDataDir: C:\\Users\\bungh\\AppData\\Loca...}, fedcm:accounts: true, goog:chromeOptions: {debuggerAddress: localhost:58925}, goog:processID: 29140, networkConnectionEnabled: false, pageLoadStrategy: normal, platformName: windows, proxy: Proxy(), se:cdp: ws://localhost:58925/devtoo..., se:cdpVersion: 142.0.7444.59, setWindowRect: true, strictFileInteractability: false, timeouts: {implicit: 0, pageLoad: 300000, script: 30000}, unhandledPromptBehavior: dismiss and notify, webauthn:extension:credBlob: true, webauthn:extension:largeBlob: true, webauthn:extension:minPinLength: true, webauthn:extension:prf: true, webauthn:virtualAuthenticators: true}\nSession ID: 8be97557c817c0d79180df55d1f437fd","trace":"org.openqa.selenium.TimeoutException: Expected condition failed: waiting for element to be clickable: By.xpath: (//a[normalize-space()='Join'] | //button[normalize-space()='Join'] | //*[@role='button' and contains(normalize-space(.),'Join')] | //*[@aria-label='Join' or @title='Join'])[1] (tried for 10 second(s) with 500 milliseconds interval)\nBuild info: version: '4.21.0', revision: '79ed462ef4'\nSystem info: os.name: 'Windows 11', os.arch: 'amd64', os.version: '10.0', java.version: '24.0.1'\nDriver info: org.openqa.selenium.chrome.ChromeDriver\nCapabilities {acceptInsecureCerts: false, browserName: chrome, browserVersion: 142.0.7444.59, chrome: {chromedriverVersion: 142.0.7444.59 (4b8153ab58d3..., userDataDir: C:\\Users\\bungh\\AppData\\Loca...}, fedcm:accounts: true, goog:chromeOptions: {debuggerAddress: localhost:58925}, goog:processID: 29140, networkConnectionEnabled: false, pageLoadStrategy: normal, platformName: windows, proxy: Proxy(), se:cdp: ws://localhost:58925/devtoo..., se:cdpVersion: 142.0.7444.59, setWindowRect: true, strictFileInteractability: false, timeouts: {implicit: 0, pageLoad: 300000, script: 30000}, unhandledPromptBehavior: dismiss and notify, webauthn:extension:credBlob: true, webauthn:extension:largeBlob: true, webauthn:extension:minPinLength: true, webauthn:extension:prf: true, webauthn:virtualAuthenticators: true}\nSession ID: 8be97557c817c0d79180df55d1f437fd\r\n\tat org.openqa.selenium.support.ui.WebDriverWait.timeoutException(WebDriverWait.java:84)\r\n\tat org.openqa.selenium.support.ui.FluentWait.until(FluentWait.java:228)\r\n\tat support.Waits.clickable(Waits.kt:15)\r\n\tat steps.SanitySteps.openJoinModal(SanitySteps.kt:36)\r\n\tat ✽.I open the Join modal(file:///C:/Users/bungh/IdeaProjects/bet99-signup/src/test/kotlin/features/sanity.feature:6)\r\n"},"stage":"finished","steps":[{"name":"Given  I open the BET99 home page","status":"passed","statusDetails":{"known":false,"muted":false,"flaky":false},"stage":"finished","steps":[],"attachments":[],"parameters":[],"start":1761778938676,"stop":1761778942954},{"name":"And  I dismiss any jurisdiction popup by staying on the page","status":"passed","statusDetails":{"known":false,"muted":false,"flaky":false},"stage":"finished","steps":[],"attachments":[],"parameters":[],"start":1761778942955,"stop":1761778946120},{"name":"When  I open the Join modal","status":"broken","statusDetails":{"known":false,"muted":false,"flaky":false,"message":"Expected condition failed: waiting for element to be clickable: By.xpath: (//a[normalize-space()='Join'] | //button[normalize-space()='Join'] | //*[@role='button' and contains(normalize-space(.),'Join')] | //*[@aria-label='Join' or @title='Join'])[1] (tried for 10 second(s) with 500 milliseconds interval)\nBuild info: version: '4.21.0', revision: '79ed462ef4'\nSystem info: os.name: 'Windows 11', os.arch: 'amd64', os.version: '10.0', java.version: '24.0.1'\nDriver info: org.openqa.selenium.chrome.ChromeDriver\nCapabilities {acceptInsecureCerts: false, browserName: chrome, browserVersion: 142.0.7444.59, chrome: {chromedriverVersion: 142.0.7444.59 (4b8153ab58d3..., userDataDir: C:\\Users\\bungh\\AppData\\Loca...}, fedcm:accounts: true, goog:chromeOptions: {debuggerAddress: localhost:58925}, goog:processID: 29140, networkConnectionEnabled: false, pageLoadStrategy: normal, platformName: windows, proxy: Proxy(), se:cdp: ws://localhost:58925/devtoo..., se:cdpVersion: 142.0.7444.59, setWindowRect: true, strictFileInteractability: false, timeouts: {implicit: 0, pageLoad: 300000, script: 30000}, unhandledPromptBehavior: dismiss and notify, webauthn:extension:credBlob: true, webauthn:extension:largeBlob: true, webauthn:extension:minPinLength: true, webauthn:extension:prf: true, webauthn:virtualAuthenticators: true}\nSession ID: 8be97557c817c0d79180df55d1f437fd","trace":"org.openqa.selenium.TimeoutException: Expected condition failed: waiting for element to be clickable: By.xpath: (//a[normalize-space()='Join'] | //button[normalize-space()='Join'] | //*[@role='button' and contains(normalize-space(.),'Join')] | //*[@aria-label='Join' or @title='Join'])[1] (tried for 10 second(s) with 500 milliseconds interval)\nBuild info: version: '4.21.0', revision: '79ed462ef4'\nSystem info: os.name: 'Windows 11', os.arch: 'amd64', os.version: '10.0', java.version: '24.0.1'\nDriver info: org.openqa.selenium.chrome.ChromeDriver\nCapabilities {acceptInsecureCerts: false, browserName: chrome, browserVersion: 142.0.7444.59, chrome: {chromedriverVersion: 142.0.7444.59 (4b8153ab58d3..., userDataDir: C:\\Users\\bungh\\AppData\\Loca...}, fedcm:accounts: true, goog:chromeOptions: {debuggerAddress: localhost:58925}, goog:processID: 29140, networkConnectionEnabled: false, pageLoadStrategy: normal, platformName: windows, proxy: Proxy(), se:cdp: ws://localhost:58925/devtoo..., se:cdpVersion: 142.0.7444.59, setWindowRect: true, strictFileInteractability: false, timeouts: {implicit: 0, pageLoad: 300000, script: 30000}, unhandledPromptBehavior: dismiss and notify, webauthn:extension:credBlob: true, webauthn:extension:largeBlob: true, webauthn:extension:minPinLength: true, webauthn:extension:prf: true, webauthn:virtualAuthenticators: true}\nSession ID: 8be97557c817c0d79180df55d1f437fd\r\n\tat org.openqa.selenium.support.ui.WebDriverWait.timeoutException(WebDriverWait.java:84)\r\n\tat org.openqa.selenium.support.ui.FluentWait.until(FluentWait.java:228)\r\n\tat support.Waits.clickable(Waits.kt:15)\r\n\tat steps.SanitySteps.openJoinModal(SanitySteps.kt:36)\r\n\tat ✽.I open the Join modal(file:///C:/Users/bungh/IdeaProjects/bet99-signup/src/test/kotlin/features/sanity.feature:6)\r\n"},"stage":"finished","steps":[],"attachments":[],"parameters":[],"start":1761778946120,"stop":1761778956343},{"name":"Then  I should see the registration Step 1 modal","status":"skipped","statusDetails":{"known":false,"muted":false,"flaky":false},"stage":"finished","steps":[],"attachments":[],"parameters":[],"start":1761778956343,"stop":1761778956344}],"attachments":[],"parameters":[],"start":1761778936709,"stop":1761778956808}