{"uuid":"70fce987-7011-467f-a0c2-8c74c10ed4c9","historyId":"94ae6f15169f7d7df8acd00ee5a94096","testCaseId":"815701cc83c5a8113d2e448d6febf2dd","fullName":"src/test/kotlin/features/registration.feature:10","labels":[{"name":"tag","value":"registration"},{"name":"tag","value":"registration"},{"name":"tag","value":"happy_path"},{"name":"host","value":"DESKTOP-ENVP6HG"},{"name":"thread","value":"7548@DESKTOP-ENVP6HG.main(3)"},{"name":"feature","value":"Registration"},{"name":"story","value":"User completes registration successfully"},{"name":"suite","value":"Registration"},{"name":"testClass","value":"User completes registration successfully"},{"name":"framework","value":"cucumber5jvm"},{"name":"language","value":"java"},{"name":"gherkin_uri","value":"file:///C:/Users/bungh/IdeaProjects/bet99-signup/src/test/kotlin/features/registration.feature"},{"name":"package","value":"src.test.kotlin.features.registration_feature.Registration"}],"links":[],"name":"User completes registration successfully","status":"broken","statusDetails":{"known":false,"muted":false,"flaky":false,"message":"element click intercepted: Element <div data-cy=\"registerBtn\" class=\"cp9isdnv3fgk405-cta-1\">...</div> is not clickable at point (1291, 61). Other element would receive the click: <div class=\"ReactModal__Overlay ReactModal__Overlay--after-open c199sekfjvu83-modal-1\">...</div>\n  (Session info: chrome=142.0.7444.59)\nBuild info: version: '4.21.0', revision: '79ed462ef4'\nSystem info: os.name: 'Windows 11', os.arch: 'amd64', os.version: '10.0', java.version: '24.0.1'\nDriver info: org.openqa.selenium.chrome.ChromeDriver\nCommand: [3a3ab4ad41c1fb543a24b0ee3773da6b, clickElement {id=f.5EFB01DAF63526C3E2E1117938C102D4.d.78985BD9A2CF1DF43DC5C1EA418A8751.e.62}]\nCapabilities {acceptInsecureCerts: false, browserName: chrome, browserVersion: 142.0.7444.59, chrome: {chromedriverVersion: 142.0.7444.59 (4b8153ab58d3..., userDataDir: C:\\Users\\bungh\\AppData\\Loca...}, fedcm:accounts: true, goog:chromeOptions: {debuggerAddress: localhost:58703}, goog:processID: 7208, networkConnectionEnabled: false, pageLoadStrategy: normal, platformName: windows, proxy: Proxy(), se:cdp: ws://localhost:58703/devtoo..., se:cdpVersion: 142.0.7444.59, setWindowRect: true, strictFileInteractability: false, timeouts: {implicit: 0, pageLoad: 300000, script: 30000}, unhandledPromptBehavior: dismiss and notify, webauthn:extension:credBlob: true, webauthn:extension:largeBlob: true, webauthn:extension:minPinLength: true, webauthn:extension:prf: true, webauthn:virtualAuthenticators: true}\nElement: [[ChromeDriver: chrome on windows (3a3ab4ad41c1fb543a24b0ee3773da6b)] -> css selector: [data-cy='registerBtn']]\nSession ID: 3a3ab4ad41c1fb543a24b0ee3773da6b","trace":"org.openqa.selenium.ElementClickInterceptedException: element click intercepted: Element <div data-cy=\"registerBtn\" class=\"cp9isdnv3fgk405-cta-1\">...</div> is not clickable at point (1291, 61). Other element would receive the click: <div class=\"ReactModal__Overlay ReactModal__Overlay--after-open c199sekfjvu83-modal-1\">...</div>\n  (Session info: chrome=142.0.7444.59)\nBuild info: version: '4.21.0', revision: '79ed462ef4'\nSystem info: os.name: 'Windows 11', os.arch: 'amd64', os.version: '10.0', java.version: '24.0.1'\nDriver info: org.openqa.selenium.chrome.ChromeDriver\nCommand: [3a3ab4ad41c1fb543a24b0ee3773da6b, clickElement {id=f.5EFB01DAF63526C3E2E1117938C102D4.d.78985BD9A2CF1DF43DC5C1EA418A8751.e.62}]\nCapabilities {acceptInsecureCerts: false, browserName: chrome, browserVersion: 142.0.7444.59, chrome: {chromedriverVersion: 142.0.7444.59 (4b8153ab58d3..., userDataDir: C:\\Users\\bungh\\AppData\\Loca...}, fedcm:accounts: true, goog:chromeOptions: {debuggerAddress: localhost:58703}, goog:processID: 7208, networkConnectionEnabled: false, pageLoadStrategy: normal, platformName: windows, proxy: Proxy(), se:cdp: ws://localhost:58703/devtoo..., se:cdpVersion: 142.0.7444.59, setWindowRect: true, strictFileInteractability: false, timeouts: {implicit: 0, pageLoad: 300000, script: 30000}, unhandledPromptBehavior: dismiss and notify, webauthn:extension:credBlob: true, webauthn:extension:largeBlob: true, webauthn:extension:minPinLength: true, webauthn:extension:prf: true, webauthn:virtualAuthenticators: true}\nElement: [[ChromeDriver: chrome on windows (3a3ab4ad41c1fb543a24b0ee3773da6b)] -> css selector: [data-cy='registerBtn']]\nSession ID: 3a3ab4ad41c1fb543a24b0ee3773da6b\r\n\tat java.base/jdk.internal.reflect.DirectConstructorHandleAccessor.newInstance(DirectConstructorHandleAccessor.java:62)\r\n\tat java.base/java.lang.reflect.Constructor.newInstanceWithCaller(Constructor.java:499)\r\n\tat java.base/java.lang.reflect.Constructor.newInstance(Constructor.java:483)\r\n\tat org.openqa.selenium.remote.ErrorCodec.decode(ErrorCodec.java:167)\r\n\tat org.openqa.selenium.remote.codec.w3c.W3CHttpResponseCodec.decode(W3CHttpResponseCodec.java:138)\r\n\tat org.openqa.selenium.remote.codec.w3c.W3CHttpResponseCodec.decode(W3CHttpResponseCodec.java:50)\r\n\tat org.openqa.selenium.remote.HttpCommandExecutor.execute(HttpCommandExecutor.java:190)\r\n\tat org.openqa.selenium.remote.service.DriverCommandExecutor.invokeExecute(DriverCommandExecutor.java:216)\r\n\tat org.openqa.selenium.remote.service.DriverCommandExecutor.execute(DriverCommandExecutor.java:174)\r\n\tat org.openqa.selenium.remote.RemoteWebDriver.execute(RemoteWebDriver.java:518)\r\n\tat org.openqa.selenium.remote.RemoteWebElement.execute(RemoteWebElement.java:223)\r\n\tat org.openqa.selenium.remote.RemoteWebElement.click(RemoteWebElement.java:76)\r\n\tat pages.HomePage.openJoin(HomePage.kt:42)\r\n\tat steps.HomeSteps.tap_join_button(HomeSteps.kt:32)\r\n\tat ✽.they tap the Join button(file:///C:/Users/bungh/IdeaProjects/bet99-signup/src/test/kotlin/features/registration.feature:7)\r\n"},"stage":"finished","steps":[{"name":"Given the user is on the home page","status":"passed","statusDetails":{"known":false,"muted":false,"flaky":false},"stage":"finished","steps":[],"attachments":[],"parameters":[],"start":1762030761292,"stop":1762030765093},{"name":"And they dismiss any jurisdiction or cookie popups","status":"passed","statusDetails":{"known":false,"muted":false,"flaky":false},"stage":"finished","steps":[],"attachments":[],"parameters":[],"start":1762030765094,"stop":1762030765125},{"name":"And they tap the Join button","status":"broken","statusDetails":{"known":false,"muted":false,"flaky":false,"message":"element click intercepted: Element <div data-cy=\"registerBtn\" class=\"cp9isdnv3fgk405-cta-1\">...</div> is not clickable at point (1291, 61). Other element would receive the click: <div class=\"ReactModal__Overlay ReactModal__Overlay--after-open c199sekfjvu83-modal-1\">...</div>\n  (Session info: chrome=142.0.7444.59)\nBuild info: version: '4.21.0', revision: '79ed462ef4'\nSystem info: os.name: 'Windows 11', os.arch: 'amd64', os.version: '10.0', java.version: '24.0.1'\nDriver info: org.openqa.selenium.chrome.ChromeDriver\nCommand: [3a3ab4ad41c1fb543a24b0ee3773da6b, clickElement {id=f.5EFB01DAF63526C3E2E1117938C102D4.d.78985BD9A2CF1DF43DC5C1EA418A8751.e.62}]\nCapabilities {acceptInsecureCerts: false, browserName: chrome, browserVersion: 142.0.7444.59, chrome: {chromedriverVersion: 142.0.7444.59 (4b8153ab58d3..., userDataDir: C:\\Users\\bungh\\AppData\\Loca...}, fedcm:accounts: true, goog:chromeOptions: {debuggerAddress: localhost:58703}, goog:processID: 7208, networkConnectionEnabled: false, pageLoadStrategy: normal, platformName: windows, proxy: Proxy(), se:cdp: ws://localhost:58703/devtoo..., se:cdpVersion: 142.0.7444.59, setWindowRect: true, strictFileInteractability: false, timeouts: {implicit: 0, pageLoad: 300000, script: 30000}, unhandledPromptBehavior: dismiss and notify, webauthn:extension:credBlob: true, webauthn:extension:largeBlob: true, webauthn:extension:minPinLength: true, webauthn:extension:prf: true, webauthn:virtualAuthenticators: true}\nElement: [[ChromeDriver: chrome on windows (3a3ab4ad41c1fb543a24b0ee3773da6b)] -> css selector: [data-cy='registerBtn']]\nSession ID: 3a3ab4ad41c1fb543a24b0ee3773da6b","trace":"org.openqa.selenium.ElementClickInterceptedException: element click intercepted: Element <div data-cy=\"registerBtn\" class=\"cp9isdnv3fgk405-cta-1\">...</div> is not clickable at point (1291, 61). Other element would receive the click: <div class=\"ReactModal__Overlay ReactModal__Overlay--after-open c199sekfjvu83-modal-1\">...</div>\n  (Session info: chrome=142.0.7444.59)\nBuild info: version: '4.21.0', revision: '79ed462ef4'\nSystem info: os.name: 'Windows 11', os.arch: 'amd64', os.version: '10.0', java.version: '24.0.1'\nDriver info: org.openqa.selenium.chrome.ChromeDriver\nCommand: [3a3ab4ad41c1fb543a24b0ee3773da6b, clickElement {id=f.5EFB01DAF63526C3E2E1117938C102D4.d.78985BD9A2CF1DF43DC5C1EA418A8751.e.62}]\nCapabilities {acceptInsecureCerts: false, browserName: chrome, browserVersion: 142.0.7444.59, chrome: {chromedriverVersion: 142.0.7444.59 (4b8153ab58d3..., userDataDir: C:\\Users\\bungh\\AppData\\Loca...}, fedcm:accounts: true, goog:chromeOptions: {debuggerAddress: localhost:58703}, goog:processID: 7208, networkConnectionEnabled: false, pageLoadStrategy: normal, platformName: windows, proxy: Proxy(), se:cdp: ws://localhost:58703/devtoo..., se:cdpVersion: 142.0.7444.59, setWindowRect: true, strictFileInteractability: false, timeouts: {implicit: 0, pageLoad: 300000, script: 30000}, unhandledPromptBehavior: dismiss and notify, webauthn:extension:credBlob: true, webauthn:extension:largeBlob: true, webauthn:extension:minPinLength: true, webauthn:extension:prf: true, webauthn:virtualAuthenticators: true}\nElement: [[ChromeDriver: chrome on windows (3a3ab4ad41c1fb543a24b0ee3773da6b)] -> css selector: [data-cy='registerBtn']]\nSession ID: 3a3ab4ad41c1fb543a24b0ee3773da6b\r\n\tat java.base/jdk.internal.reflect.DirectConstructorHandleAccessor.newInstance(DirectConstructorHandleAccessor.java:62)\r\n\tat java.base/java.lang.reflect.Constructor.newInstanceWithCaller(Constructor.java:499)\r\n\tat java.base/java.lang.reflect.Constructor.newInstance(Constructor.java:483)\r\n\tat org.openqa.selenium.remote.ErrorCodec.decode(ErrorCodec.java:167)\r\n\tat org.openqa.selenium.remote.codec.w3c.W3CHttpResponseCodec.decode(W3CHttpResponseCodec.java:138)\r\n\tat org.openqa.selenium.remote.codec.w3c.W3CHttpResponseCodec.decode(W3CHttpResponseCodec.java:50)\r\n\tat org.openqa.selenium.remote.HttpCommandExecutor.execute(HttpCommandExecutor.java:190)\r\n\tat org.openqa.selenium.remote.service.DriverCommandExecutor.invokeExecute(DriverCommandExecutor.java:216)\r\n\tat org.openqa.selenium.remote.service.DriverCommandExecutor.execute(DriverCommandExecutor.java:174)\r\n\tat org.openqa.selenium.remote.RemoteWebDriver.execute(RemoteWebDriver.java:518)\r\n\tat org.openqa.selenium.remote.RemoteWebElement.execute(RemoteWebElement.java:223)\r\n\tat org.openqa.selenium.remote.RemoteWebElement.click(RemoteWebElement.java:76)\r\n\tat pages.HomePage.openJoin(HomePage.kt:42)\r\n\tat steps.HomeSteps.tap_join_button(HomeSteps.kt:32)\r\n\tat ✽.they tap the Join button(file:///C:/Users/bungh/IdeaProjects/bet99-signup/src/test/kotlin/features/registration.feature:7)\r\n"},"stage":"finished","steps":[],"attachments":[],"parameters":[],"start":1762030765125,"stop":1762030766295},{"name":"Given the user is on Join Step 1","status":"skipped","statusDetails":{"known":false,"muted":false,"flaky":false},"stage":"finished","steps":[],"attachments":[],"parameters":[],"start":1762030766295,"stop":1762030766296},{"name":"When they complete Step 1 with valid details","status":"skipped","statusDetails":{"known":false,"muted":false,"flaky":false},"stage":"finished","steps":[],"attachments":[],"parameters":[],"start":1762030766296,"stop":1762030766296},{"name":"And they complete Step 2 with a valid address","status":"skipped","statusDetails":{"known":false,"muted":false,"flaky":false},"stage":"finished","steps":[],"attachments":[],"parameters":[],"start":1762030766296,"stop":1762030766296},{"name":"And they submit the registration","status":"skipped","statusDetails":{"known":false,"muted":false,"flaky":false},"stage":"finished","steps":[],"attachments":[],"parameters":[],"start":1762030766296,"stop":1762030766296},{"name":"Then the registration is submitted successfully","status":"skipped","statusDetails":{"known":false,"muted":false,"flaky":false},"stage":"finished","steps":[],"attachments":[],"parameters":[],"start":1762030766296,"stop":1762030766296}],"attachments":[],"parameters":[],"start":1762030759856,"stop":1762030766816}